* using log directory ‘/private/var/folders/b_/p70ksf2n01n6bjj3zs47s8rc0000gn/T/RtmpAWJpHl/check_cran32366c23ed51/MissingDataGUI.Rcheck’
* using R version 3.2.3 (2015-12-10)
* using platform: x86_64-apple-darwin13.4.0 (64-bit)
* using session charset: UTF-8
* using options ‘--no-codoc --no-manual --as-cran’
* checking for file ‘MissingDataGUI/DESCRIPTION’ ... OK
* checking extension type ... Package
* this is package ‘MissingDataGUI’ version ‘0.2-4’
* checking package namespace information ... OK
* checking package dependencies ... OK
* checking if this is a source package ... OK
* checking if there is a namespace ... OK
* checking for executable files ... OK
* checking for hidden files and directories ... OK
* checking for portable file names ... OK
* checking for sufficient/correct file permissions ... OK
* checking whether package ‘MissingDataGUI’ can be installed ... ERROR
Installation failed.
See ‘/private/var/folders/b_/p70ksf2n01n6bjj3zs47s8rc0000gn/T/RtmpAWJpHl/check_cran32366c23ed51/MissingDataGUI.Rcheck/00install.out’ for details.
* DONE
Status: 1 ERROR
