* using log directory ‘/private/var/folders/b_/p70ksf2n01n6bjj3zs47s8rc0000gn/T/RtmpbPiubW/check_cran12f4445b08432/ggmcmc.Rcheck’
* using R version 3.2.3 (2015-12-10)
* using platform: x86_64-apple-darwin13.4.0 (64-bit)
* using session charset: UTF-8
* using options ‘--no-codoc --no-manual --as-cran’
* checking for file ‘ggmcmc/DESCRIPTION’ ... OK
* this is package ‘ggmcmc’ version ‘0.7.2’
* package encoding: UTF-8
* checking package namespace information ... OK
* checking package dependencies ... OK
* checking if this is a source package ... OK
* checking if there is a namespace ... OK
* checking for executable files ... OK
* checking for hidden files and directories ... OK
* checking for portable file names ... OK
* checking for sufficient/correct file permissions ... OK
* checking whether package ‘ggmcmc’ can be installed ... OK
* checking installed package size ... OK
* checking package directory ... OK
* checking DESCRIPTION meta-information ... OK
* checking top-level files ... OK
* checking for left-over files ... OK
* checking index information ... OK
* checking package subdirectories ... OK
* checking R files for non-ASCII characters ... OK
* checking R files for syntax errors ... OK
* checking whether the package can be loaded ... OK
* checking whether the package can be loaded with stated dependencies ... OK
* checking whether the package can be unloaded cleanly ... OK
* checking whether the namespace can be loaded with stated dependencies ... OK
* checking whether the namespace can be unloaded cleanly ... OK
* checking loading without being on the library search path ... OK
* checking dependencies in R code ... OK
* checking S3 generic/method consistency ... OK
* checking replacement functions ... OK
* checking foreign function calls ... OK
* checking R code for possible problems ... OK
* checking Rd files ... OK
* checking Rd metadata ... OK
* checking Rd line widths ... OK
* checking Rd cross-references ... OK
* checking for missing documentation entries ... OK
* checking for code/documentation mismatches ... SKIPPED
* checking Rd \usage sections ... OK
* checking Rd contents ... OK
* checking for unstated dependencies in examples ... OK
* checking contents of ‘data’ directory ... OK
* checking data for non-ASCII characters ... OK
* checking data for ASCII and uncompressed saves ... OK
* checking examples ... ERROR
Running examples in ‘ggmcmc-Ex.R’ failed
The error most likely occurred in:

> base::assign(".ptime", proc.time(), pos = "CheckExEnv")
> ### Name: ggs_pairs
> ### Title: Create a plot matrix of posterior simulations
> ### Aliases: ggs_pairs
> 
> ### ** Examples
> 
> data(linear)
> 
> # default ggpairs plot
> ggs_pairs(ggs(s))
> 
> # change alpha transparency of points
> ggs_pairs(ggs(s), lower=list(params=c(alpha=.2)))
Error in display_param_error() : 
  'params' is a deprecated argument.  Please 'wrap' the function to supply arguments. help("wrap", package = "GGally")
Calls: ggs_pairs ... check_and_set_ggpairs_defaults -> display_param_error
Execution halted
* DONE
Status: 1 ERROR
