* using log directory ‘/private/var/folders/b_/p70ksf2n01n6bjj3zs47s8rc0000gn/T/RtmpbPiubW/check_cran12f4445b08432/freqparcoord.Rcheck’
* using R version 3.2.3 (2015-12-10)
* using platform: x86_64-apple-darwin13.4.0 (64-bit)
* using session charset: UTF-8
* using options ‘--no-codoc --no-manual --as-cran’
* checking for file ‘freqparcoord/DESCRIPTION’ ... OK
* this is package ‘freqparcoord’ version ‘1.0.0’
* checking package namespace information ... OK
* checking package dependencies ... OK
* checking if this is a source package ... OK
* checking if there is a namespace ... OK
* checking for executable files ... OK
* checking for hidden files and directories ... OK
* checking for portable file names ... OK
* checking for sufficient/correct file permissions ... OK
* checking whether package ‘freqparcoord’ can be installed ... OK
* checking installed package size ... OK
* checking package directory ... OK
* checking DESCRIPTION meta-information ... OK
* checking top-level files ... OK
* checking for left-over files ... OK
* checking index information ... OK
* checking package subdirectories ... OK
* checking R files for non-ASCII characters ... OK
* checking R files for syntax errors ... OK
* checking whether the package can be loaded ... OK
* checking whether the package can be loaded with stated dependencies ... OK
* checking whether the package can be unloaded cleanly ... OK
* checking whether the namespace can be loaded with stated dependencies ... OK
* checking whether the namespace can be unloaded cleanly ... OK
* checking loading without being on the library search path ... OK
* checking dependencies in R code ... NOTE
Package in Depends field not imported from: ‘parallel’
  These packages need to be imported from (in the NAMESPACE file)
  for when this namespace is loaded but not attached.
* checking S3 generic/method consistency ... OK
* checking replacement functions ... OK
* checking foreign function calls ... OK
* checking R code for possible problems ... NOTE
smoothz: no visible global function definition for ‘splitIndices’
smoothz: no visible global function definition for ‘clusterApply’
smoothzpred: no visible global function definition for ‘splitIndices’
smoothzpred: no visible global function definition for ‘clusterApply’
* checking Rd files ... OK
* checking Rd metadata ... OK
* checking Rd line widths ... OK
* checking Rd cross-references ... OK
* checking for missing documentation entries ... OK
* checking for code/documentation mismatches ... SKIPPED
* checking Rd \usage sections ... OK
* checking Rd contents ... OK
* checking for unstated dependencies in examples ... OK
* checking contents of ‘data’ directory ... OK
* checking data for non-ASCII characters ... OK
* checking data for ASCII and uncompressed saves ... OK
* checking examples ... ERROR
Running examples in ‘freqparcoord-Ex.R’ failed
The error most likely occurred in:

> base::assign(".ptime", proc.time(), pos = "CheckExEnv")
> ### Name: smoothz
> ### Title: Smoothing functions.
> ### Aliases: smoothz smoothzpred knnreg knndens
> 
> ### ** Examples
> 
> 
> # programmers and engineers in Silicon Valley, 2000 census, age 25-65
> data(prgeng)
> pg <- prgeng
> pg1 <- pg[pg$age >= 25 & pg$age <= 65,]
> estreg <- smoothz(pg1[,c(1,8)],sf=knnreg,k=100)
> age <- pg1[,1]
> p <- ggplot(data.frame(age,estreg))
> p + geom_smooth(aes(x=age,y=estreg))
Error in loadNamespace(name) : there is no package called ‘mgcv’
Calls: <Anonymous> ... tryCatch -> tryCatchList -> tryCatchOne -> <Anonymous>
Execution halted
* DONE
Status: 1 ERROR, 2 NOTEs
