* installing *source* package ‘robustbase’ ...
** package ‘robustbase’ successfully unpacked and MD5 sums checked
** libs
clang -I/Library/Frameworks/R.framework/Resources/include -DNDEBUG  -I/usr/local/include -I/usr/local/include/freetype2 -I/opt/X11/include    -fPIC  -Wall -mtune=core2 -g -O2  -c R-rng4ftn.c -o R-rng4ftn.o
/usr/local/bin/gfortran   -fPIC  -g -O2  -c eigen.f -o eigen.o
clang -I/Library/Frameworks/R.framework/Resources/include -DNDEBUG  -I/usr/local/include -I/usr/local/include/freetype2 -I/opt/X11/include    -fPIC  -Wall -mtune=core2 -g -O2  -c init.c -o init.o
clang -I/Library/Frameworks/R.framework/Resources/include -DNDEBUG  -I/usr/local/include -I/usr/local/include/freetype2 -I/opt/X11/include    -fPIC  -Wall -mtune=core2 -g -O2  -c lmrob.c -o lmrob.o
clang -I/Library/Frameworks/R.framework/Resources/include -DNDEBUG  -I/usr/local/include -I/usr/local/include/freetype2 -I/opt/X11/include    -fPIC  -Wall -mtune=core2 -g -O2  -c mc.c -o mc.o
clang -I/Library/Frameworks/R.framework/Resources/include -DNDEBUG  -I/usr/local/include -I/usr/local/include/freetype2 -I/opt/X11/include    -fPIC  -Wall -mtune=core2 -g -O2  -c monitor.c -o monitor.o
clang -I/Library/Frameworks/R.framework/Resources/include -DNDEBUG  -I/usr/local/include -I/usr/local/include/freetype2 -I/opt/X11/include    -fPIC  -Wall -mtune=core2 -g -O2  -c qn_sn.c -o qn_sn.o
/usr/local/bin/gfortran   -fPIC  -g -O2  -c rf-common.f -o rf-common.o
/usr/local/bin/gfortran   -fPIC  -g -O2  -c rffastmcd.f -o rffastmcd.o
/usr/local/bin/gfortran   -fPIC  -g -O2  -c rfltsreg.f -o rfltsreg.o
/usr/local/bin/gfortran   -fPIC  -g -O2  -c rllarsbi.f -o rllarsbi.o
clang -I/Library/Frameworks/R.framework/Resources/include -DNDEBUG  -I/usr/local/include -I/usr/local/include/freetype2 -I/opt/X11/include    -fPIC  -Wall -mtune=core2 -g -O2  -c rob-utils.c -o rob-utils.o
clang -I/Library/Frameworks/R.framework/Resources/include -DNDEBUG  -I/usr/local/include -I/usr/local/include/freetype2 -I/opt/X11/include    -fPIC  -Wall -mtune=core2 -g -O2  -c rowMedians.c -o rowMedians.o
clang -I/Library/Frameworks/R.framework/Resources/include -DNDEBUG  -I/usr/local/include -I/usr/local/include/freetype2 -I/opt/X11/include    -fPIC  -Wall -mtune=core2 -g -O2  -c wgt_himed.c -o wgt_himed.o
clang -dynamiclib -Wl,-headerpad_max_install_names -undefined dynamic_lookup -single_module -multiply_defined suppress -L/Library/Frameworks/R.framework/Resources/lib -L/usr/local/lib -o robustbase.so R-rng4ftn.o eigen.o init.o lmrob.o mc.o monitor.o qn_sn.o rf-common.o rffastmcd.o rfltsreg.o rllarsbi.o rob-utils.o rowMedians.o wgt_himed.o -L/Library/Frameworks/R.framework/Resources/lib -lRlapack -L/Library/Frameworks/R.framework/Resources/lib -lRblas -L/usr/local/lib -L/usr/local/lib -F/Library/Frameworks/R.framework/.. -framework R -Wl,-framework -Wl,CoreFoundation
ld: warning: could not create compact unwind for _rfltsreg_: stack subq instruction is too different from dwarf stack size
installing to /private/var/folders/b_/p70ksf2n01n6bjj3zs47s8rc0000gn/T/RtmpAWJpHl/check_cran32366c23ed51/robustbase.Rcheck/robustbase/libs
** R
** data
*** moving datasets to lazyload DB
** demo
** inst
** byte-compile and prepare package for lazy loading
Creating a generic function from function ‘chgDefaults’ in package ‘robustbase’
Creating a generic function for ‘plot’ from package ‘graphics’ in package ‘robustbase’
** help
*** installing help indices
** building package indices
** installing vignettes
** testing if installed package can be loaded
* DONE (robustbase)
