* installing *source* package ‘mzR’ ...
** libs
rm -f cramp.o ramp_base64.o ramp.o RcppRamp.o RcppRampModule.o rnetCDF.o RcppPwiz.o RcppPwizModule.o RcppIdent.o RcppIdentModule.o ./boost/libs/system/src/error_code.o ./boost/libs/regex/src/posix_api.o ./boost/libs/regex/src/fileiter.o ./boost/libs/regex/src/regex_raw_buffer.o ./boost/libs/regex/src/cregex.o ./boost/libs/regex/src/regex_debug.o ./boost/libs/regex/src/instances.o ./boost/libs/regex/src/icu.o ./boost/libs/regex/src/usinstances.o ./boost/libs/regex/src/regex.o ./boost/libs/regex/src/wide_posix_api.o ./boost/libs/regex/src/regex_traits_defaults.o ./boost/libs/regex/src/winstances.o ./boost/libs/regex/src/wc_regex_traits.o ./boost/libs/regex/src/c_regex_traits.o ./boost/libs/regex/src/cpp_regex_traits.o ./boost/libs/regex/src/static_mutex.o ./boost/libs/regex/src/w32_regex_traits.o ./boost/libs/iostreams/src/zlib.o ./boost/libs/iostreams/src/file_descriptor.o ./boost/libs/filesystem/src/operations.o ./boost/libs/filesystem/src/path.o ./boost/libs/filesystem/src/utf8_codecvt_facet.o ./boost/libs/chrono/src/chrono.o ./boost/libs/chrono/src/process_cpu_clocks.o ./boost/libs/chrono/src/thread_clock.o ./pwiz/data/msdata/Version.o ./pwiz/data/identdata/Version.o ./pwiz/data/common/MemoryIndex.o ./pwiz/data/common/CVTranslator.o ./pwiz/data/common/cv.o ./pwiz/data/common/ParamTypes.o ./pwiz/data/common/BinaryIndexStream.o ./pwiz/data/common/diff_std.o ./pwiz/data/common/Unimod.o ./pwiz/data/msdata/SpectrumList_MGF.o ./pwiz/data/msdata/DefaultReaderList.o ./pwiz/data/msdata/ChromatogramList_mzML.o ./pwiz/data/msdata/examples.o ./pwiz/data/msdata/Serializer_mzML.o ./pwiz/data/msdata/Serializer_MSn.o ./pwiz/data/msdata/Reader.o ./pwiz/data/msdata/Serializer_MGF.o ./pwiz/data/msdata/Serializer_mzXML.o ./pwiz/data/msdata/SpectrumList_mzML.o ./pwiz/data/msdata/SpectrumList_MSn.o ./pwiz/data/msdata/BinaryDataEncoder.o ./pwiz/data/msdata/Diff.o ./pwiz/data/msdata/MSData.o ./pwiz/data/msdata/References.o ./pwiz/data/msdata/SpectrumList_mzXML.o ./pwiz/data/msdata/IO.o ./pwiz/data/msdata/SpectrumList_BTDX.o ./pwiz/data/msdata/SpectrumInfo.o ./pwiz/data/msdata/RAMPAdapter.o ./pwiz/data/msdata/LegacyAdapter.o ./pwiz/data/msdata/SpectrumIterator.o ./pwiz/data/msdata/MSDataFile.o ./pwiz/data/msdata/MSNumpress.o ./pwiz/data/msdata/SpectrumListCache.o ./pwiz/data/msdata/Index_mzML.o ./pwiz/data/msdata/SpectrumWorkerThreads.o ./pwiz/data/identdata/IdentDataFile.o ./pwiz/data/identdata/IdentData.o ./pwiz/data/identdata/DefaultReaderList.o ./pwiz/data/identdata/Reader.o ./pwiz/data/identdata/Serializer_protXML.o ./pwiz/data/identdata/Serializer_pepXML.o ./pwiz/data/identdata/Serializer_mzid.o ./pwiz/data/identdata/IO.o ./pwiz/data/identdata/References.o ./pwiz/data/identdata/MascotReader.o ./pwiz/data/proteome/Modification.o ./pwiz/data/proteome/Digestion.o ./pwiz/data/proteome/Peptide.o ./pwiz/data/proteome/AminoAcid.o ./pwiz/utility/minimxml/XMLWriter.o ./pwiz/utility/minimxml/SAXParser.o ./pwiz/utility/chemistry/Chemistry.o ./pwiz/utility/chemistry/ChemistryData.o ./pwiz/utility/chemistry/MZTolerance.o ./pwiz/utility/misc/IntegerSet.o ./pwiz/utility/misc/Base64.o ./pwiz/utility/misc/IterationListener.o ./pwiz/utility/misc/MSIHandler.o ./pwiz/utility/misc/Filesystem.o ./pwiz/utility/misc/TabReader.o ./pwiz/utility/misc/random_access_compressed_ifstream.o ./pwiz/utility/misc/SHA1.o ./pwiz/utility/misc/SHA1Calculator.o ./pwiz/utility/misc/sha1calc.o ./random_access_gzFile.o ./RcppExports.o ./boost/libs/thread/src/pthread/once.o ./boost/libs/thread/src/pthread/thread.o rampR.o R_init_mzR.o
find . -name \*~ -exec rm {} \;   ## from cleanup
find . -name \*.o -exec rm {} \;  ## from cleanup
find . -name "#*#" -exec rm {} \; ## from cleanup
clang++ -std=gnu++11 -I/Library/Frameworks/R.framework/Resources/include -DNDEBUG -I./boost_aux/ -I./boost/ -I. -D_LARGEFILE_SOURCE -DHAVE_PWIZ_MZML_LIB -D_NODEBUG -DWITHOUT_MZ5   `nc-config --cflags || /bin/true`   -I"/Users/barret/R/Rcpp/include" -I"/Users/barret/R/zlibbioc/include" -I/usr/local/include   -fPIC  -Wall -g -O2 -c cramp.cpp -o cramp.o
/bin/sh: nc-config: command not found
/bin/sh: /bin/true: No such file or directory
In file included from cramp.cpp:49:
./cramp.h:261:17: warning: destination for this 'memmove' call is a pointer to dynamic class 'rampScanInfo'; vtable pointer will be overwritten [-Wdynamic-class-memaccess]
        memmove(this,&rhs,sizeof(rhs));
        ~~~~~~~ ^
./cramp.h:261:17: note: explicitly cast the pointer to silence this warning
        memmove(this,&rhs,sizeof(rhs));
                ^
                (void*)
./cramp.h:315:17: warning: destination for this 'memmove' call is a pointer to dynamic class 'rampRunInfo'; vtable pointer will be overwritten [-Wdynamic-class-memaccess]
        memmove(this,&rhs,sizeof(rhs));
        ~~~~~~~ ^
./cramp.h:315:17: note: explicitly cast the pointer to silence this warning
        memmove(this,&rhs,sizeof(rhs));
                ^
                (void*)
cramp.cpp:73:27: warning: field 'm_declaredScansOnly' will be initialized after field 'm_runInfo' [-Wreorder]
    m_filename(fileName), m_declaredScansOnly(declaredScansOnly), m_runInfo()
                          ^
3 warnings generated.
clang++ -std=gnu++11 -I/Library/Frameworks/R.framework/Resources/include -DNDEBUG -I./boost_aux/ -I./boost/ -I. -D_LARGEFILE_SOURCE -DHAVE_PWIZ_MZML_LIB -D_NODEBUG -DWITHOUT_MZ5   `nc-config --cflags || /bin/true`   -I"/Users/barret/R/Rcpp/include" -I"/Users/barret/R/zlibbioc/include" -I/usr/local/include   -fPIC  -Wall -g -O2 -c ramp_base64.cpp -o ramp_base64.o
/bin/sh: nc-config: command not found
/bin/sh: /bin/true: No such file or directory
clang++ -std=gnu++11 -I/Library/Frameworks/R.framework/Resources/include -DNDEBUG -I./boost_aux/ -I./boost/ -I. -D_LARGEFILE_SOURCE -DHAVE_PWIZ_MZML_LIB -D_NODEBUG -DWITHOUT_MZ5   `nc-config --cflags || /bin/true`   -I"/Users/barret/R/Rcpp/include" -I"/Users/barret/R/zlibbioc/include" -I/usr/local/include   -fPIC  -Wall -g -O2 -c ramp.cpp -o ramp.o
/bin/sh: nc-config: command not found
/bin/sh: /bin/true: No such file or directory
ramp.cpp:248:23: warning: unused variable 'fgot' [-Wunused-variable]
                char *fgot=ramp_fgets(buf,sizeof(buf)-1,result);
                      ^
ramp.cpp:451:12: warning: unused variable 'nread' [-Wunused-variable]
    size_t nread = ramp_fread(indexOffsetTemp, sizeof(indexOffsetTemp), pFI);
           ^
ramp.cpp:650:31: warning: unused variable 'fgot' [-Wunused-variable]
                        char *fgot=ramp_fgets(buf, SIZE_BUF, pFI);
                              ^
ramp.cpp:692:31: warning: unused variable 'fgot' [-Wunused-variable]
                        char *fgot=ramp_fgets(buf, SIZE_BUF, pFI);
                              ^
ramp.cpp:729:27: warning: unused variable 'fgot' [-Wunused-variable]
                    char *fgot=ramp_fgets(buf, SIZE_BUF, pFI);
                          ^
ramp.cpp:1446:27: warning: unused variable 'fgot' [-Wunused-variable]
                    char *fgot=ramp_fgets(stringBuf, SIZE_BUF, pFI);
                          ^
ramp.cpp:1532:15: warning: unused variable 'fgot' [-Wunused-variable]
        char *fgot=ramp_fgets(stringBuf, SIZE_BUF, pFI);
              ^
ramp.cpp:1528:11: warning: unused variable 'fgot' [-Wunused-variable]
    char *fgot=ramp_fgets(stringBuf, SIZE_BUF, pFI);
          ^
ramp.cpp:2090:28: warning: unused variable 'nread' [-Wunused-variable]
                    size_t nread = ramp_fread(pData+partial,(int)(peaksLen-partial), pFI);
                           ^
ramp.cpp:2293:27: warning: unused variable 'fgot' [-Wunused-variable]
                    char *fgot=ramp_fgets(buf, sizeof(buf)-1 , pFI);
                          ^
ramp.cpp:2340:24: warning: unused variable 'nread' [-Wunused-variable]
                size_t nread = ramp_fread(pData+partial,peaksLen-partial, pFI);
                       ^
ramp.cpp:2212:19: warning: unused variable 'fgot' [-Wunused-variable]
            char *fgot=ramp_fgets(buf, sizeof(buf)-1, pFI);
                  ^
ramp.cpp:2520:15: warning: unused variable 'fgot' [-Wunused-variable]
        char *fgot=ramp_fgets(stringBuf, SIZE_BUF, pFI);
              ^
ramp.cpp:2544:15: warning: unused variable 'fgot' [-Wunused-variable]
        char *fgot=ramp_fgets(stringBuf, SIZE_BUF, pFI);
              ^
ramp.cpp:2516:11: warning: unused variable 'fgot' [-Wunused-variable]
    char *fgot=ramp_fgets(stringBuf, SIZE_BUF, pFI);
          ^
ramp.cpp:2695:19: warning: unused variable 'fgot' [-Wunused-variable]
            char *fgot=ramp_fgets(stringBuf, SIZE_BUF, pFI);
                  ^
ramp.cpp:2731:19: warning: unused variable 'fgot' [-Wunused-variable]
            char *fgot=ramp_fgets(stringBuf, SIZE_BUF, pFI);
                  ^
ramp.cpp:2682:11: warning: unused variable 'fgot' [-Wunused-variable]
    char *fgot=ramp_fgets(stringBuf, SIZE_BUF, pFI);
          ^
18 warnings generated.
clang++ -std=gnu++11 -I/Library/Frameworks/R.framework/Resources/include -DNDEBUG -I./boost_aux/ -I./boost/ -I. -D_LARGEFILE_SOURCE -DHAVE_PWIZ_MZML_LIB -D_NODEBUG -DWITHOUT_MZ5   `nc-config --cflags || /bin/true`   -I"/Users/barret/R/Rcpp/include" -I"/Users/barret/R/zlibbioc/include" -I/usr/local/include   -fPIC  -Wall -g -O2 -c RcppRamp.cpp -o RcppRamp.o
/bin/sh: nc-config: command not found
/bin/sh: /bin/true: No such file or directory
In file included from RcppRamp.cpp:1:
In file included from ./RcppRamp.h:14:
./cramp.h:261:17: warning: destination for this 'memmove' call is a pointer to dynamic class 'rampScanInfo'; vtable pointer will be overwritten [-Wdynamic-class-memaccess]
        memmove(this,&rhs,sizeof(rhs));
        ~~~~~~~ ^
./cramp.h:261:17: note: explicitly cast the pointer to silence this warning
        memmove(this,&rhs,sizeof(rhs));
                ^
                (void*)
./cramp.h:315:17: warning: destination for this 'memmove' call is a pointer to dynamic class 'rampRunInfo'; vtable pointer will be overwritten [-Wdynamic-class-memaccess]
        memmove(this,&rhs,sizeof(rhs));
        ~~~~~~~ ^
./cramp.h:315:17: note: explicitly cast the pointer to silence this warning
        memmove(this,&rhs,sizeof(rhs));
                ^
                (void*)
RcppRamp.cpp:213:27: warning: unused variable 'info' [-Wunused-variable]
            rampScanInfo *info = ramp->getScanHeaderInfo( 1 );
                          ^
3 warnings generated.
clang++ -std=gnu++11 -I/Library/Frameworks/R.framework/Resources/include -DNDEBUG -I./boost_aux/ -I./boost/ -I. -D_LARGEFILE_SOURCE -DHAVE_PWIZ_MZML_LIB -D_NODEBUG -DWITHOUT_MZ5   `nc-config --cflags || /bin/true`   -I"/Users/barret/R/Rcpp/include" -I"/Users/barret/R/zlibbioc/include" -I/usr/local/include   -fPIC  -Wall -g -O2 -c RcppRampModule.cpp -o RcppRampModule.o
/bin/sh: nc-config: command not found
/bin/sh: /bin/true: No such file or directory
In file included from RcppRampModule.cpp:2:
In file included from ./RcppRamp.h:14:
./cramp.h:261:17: warning: destination for this 'memmove' call is a pointer to dynamic class 'rampScanInfo'; vtable pointer will be overwritten [-Wdynamic-class-memaccess]
        memmove(this,&rhs,sizeof(rhs));
        ~~~~~~~ ^
./cramp.h:261:17: note: explicitly cast the pointer to silence this warning
        memmove(this,&rhs,sizeof(rhs));
                ^
                (void*)
./cramp.h:315:17: warning: destination for this 'memmove' call is a pointer to dynamic class 'rampRunInfo'; vtable pointer will be overwritten [-Wdynamic-class-memaccess]
        memmove(this,&rhs,sizeof(rhs));
        ~~~~~~~ ^
./cramp.h:315:17: note: explicitly cast the pointer to silence this warning
        memmove(this,&rhs,sizeof(rhs));
                ^
                (void*)
2 warnings generated.
clang -I/Library/Frameworks/R.framework/Resources/include -DNDEBUG -I./boost_aux/ -I./boost/ -I. -D_LARGEFILE_SOURCE -DHAVE_PWIZ_MZML_LIB -D_NODEBUG -DWITHOUT_MZ5   `nc-config --cflags || /bin/true`   -I"/Users/barret/R/Rcpp/include" -I"/Users/barret/R/zlibbioc/include" -I/usr/local/include   -fPIC  -Wall -g -O2  -c rnetCDF.c -o rnetCDF.o
/bin/sh: nc-config: command not found
/bin/sh: /bin/true: No such file or directory
In file included from rnetCDF.c:2:
./rnetCDF.h:1:10: fatal error: 'netcdf.h' file not found
#include <netcdf.h>
         ^
1 error generated.
make: *** [rnetCDF.o] Error 1
ERROR: compilation failed for package ‘mzR’
* removing ‘/Users/barret/R/mzR’
